05/01/2020 14:44:00.245 - ReferenceError: req is not defined
    at Handshake.<anonymous> (C:\Users\giuse\Desktop\aquarium\aquarium-test\src\models\db_pesci.js:40:61)
    at Handshake.<anonymous> (C:\Users\giuse\Desktop\aquarium\aquarium-test\node_modules\mysql\lib\Connection.js:525:10)
    at Handshake._callback (C:\Users\giuse\Desktop\aquarium\aquarium-test\node_modules\mysql\lib\Connection.js:491:16)
    at Handshake.Sequence.end (C:\Users\giuse\Desktop\aquarium\aquarium-test\node_modules\mysql\lib\protocol\sequences\Sequence.js:83:24)
    at Handshake.Sequence.OkPacket (C:\Users\giuse\Desktop\aquarium\aquarium-test\node_modules\mysql\lib\protocol\sequences\Sequence.js:92:8)
    at Protocol._parsePacket (C:\Users\giuse\Desktop\aquarium\aquarium-test\node_modules\mysql\lib\protocol\Protocol.js:291:23)
    at Parser._parsePacket (C:\Users\giuse\Desktop\aquarium\aquarium-test\node_modules\mysql\lib\protocol\Parser.js:433:10)
    at Parser.write (C:\Users\giuse\Desktop\aquarium\aquarium-test\node_modules\mysql\lib\protocol\Parser.js:43:10)
    at Protocol.write (C:\Users\giuse\Desktop\aquarium\aquarium-test\node_modules\mysql\lib\protocol\Protocol.js:38:16)
    at Socket.<anonymous> (C:\Users\giuse\Desktop\aquarium\aquarium-test\node_modules\mysql\lib\Connection.js:91:28)
05/01/2020 14:44:19.338 - ReferenceError: req is not defined
    at Handshake.<anonymous> (C:\Users\giuse\Desktop\aquarium\aquarium-test\src\models\db_pesci.js:40:61)
    at Handshake.<anonymous> (C:\Users\giuse\Desktop\aquarium\aquarium-test\node_modules\mysql\lib\Connection.js:525:10)
    at Handshake._callback (C:\Users\giuse\Desktop\aquarium\aquarium-test\node_modules\mysql\lib\Connection.js:491:16)
    at Handshake.Sequence.end (C:\Users\giuse\Desktop\aquarium\aquarium-test\node_modules\mysql\lib\protocol\sequences\Sequence.js:83:24)
    at Handshake.Sequence.OkPacket (C:\Users\giuse\Desktop\aquarium\aquarium-test\node_modules\mysql\lib\protocol\sequences\Sequence.js:92:8)
    at Protocol._parsePacket (C:\Users\giuse\Desktop\aquarium\aquarium-test\node_modules\mysql\lib\protocol\Protocol.js:291:23)
    at Parser._parsePacket (C:\Users\giuse\Desktop\aquarium\aquarium-test\node_modules\mysql\lib\protocol\Parser.js:433:10)
    at Parser.write (C:\Users\giuse\Desktop\aquarium\aquarium-test\node_modules\mysql\lib\protocol\Parser.js:43:10)
    at Protocol.write (C:\Users\giuse\Desktop\aquarium\aquarium-test\node_modules\mysql\lib\protocol\Protocol.js:38:16)
    at Socket.<anonymous> (C:\Users\giuse\Desktop\aquarium\aquarium-test\node_modules\mysql\lib\Connection.js:91:28)
05/01/2020 14:44:37.987 - ReferenceError: req is not defined
    at Handshake.<anonymous> (C:\Users\giuse\Desktop\aquarium\aquarium-test\src\models\db_pesci.js:40:61)
    at Handshake.<anonymous> (C:\Users\giuse\Desktop\aquarium\aquarium-test\node_modules\mysql\lib\Connection.js:525:10)
    at Handshake._callback (C:\Users\giuse\Desktop\aquarium\aquarium-test\node_modules\mysql\lib\Connection.js:491:16)
    at Handshake.Sequence.end (C:\Users\giuse\Desktop\aquarium\aquarium-test\node_modules\mysql\lib\protocol\sequences\Sequence.js:83:24)
    at Handshake.Sequence.OkPacket (C:\Users\giuse\Desktop\aquarium\aquarium-test\node_modules\mysql\lib\protocol\sequences\Sequence.js:92:8)
    at Protocol._parsePacket (C:\Users\giuse\Desktop\aquarium\aquarium-test\node_modules\mysql\lib\protocol\Protocol.js:291:23)
    at Parser._parsePacket (C:\Users\giuse\Desktop\aquarium\aquarium-test\node_modules\mysql\lib\protocol\Parser.js:433:10)
    at Parser.write (C:\Users\giuse\Desktop\aquarium\aquarium-test\node_modules\mysql\lib\protocol\Parser.js:43:10)
    at Protocol.write (C:\Users\giuse\Desktop\aquarium\aquarium-test\node_modules\mysql\lib\protocol\Protocol.js:38:16)
    at Socket.<anonymous> (C:\Users\giuse\Desktop\aquarium\aquarium-test\node_modules\mysql\lib\Connection.js:91:28)
05/01/2020 14:44:40.571 - ReferenceError: req is not defined
    at Handshake.<anonymous> (C:\Users\giuse\Desktop\aquarium\aquarium-test\src\models\db_pesci.js:40:61)
    at Handshake.<anonymous> (C:\Users\giuse\Desktop\aquarium\aquarium-test\node_modules\mysql\lib\Connection.js:525:10)
    at Handshake._callback (C:\Users\giuse\Desktop\aquarium\aquarium-test\node_modules\mysql\lib\Connection.js:491:16)
    at Handshake.Sequence.end (C:\Users\giuse\Desktop\aquarium\aquarium-test\node_modules\mysql\lib\protocol\sequences\Sequence.js:83:24)
    at Handshake.Sequence.OkPacket (C:\Users\giuse\Desktop\aquarium\aquarium-test\node_modules\mysql\lib\protocol\sequences\Sequence.js:92:8)
    at Protocol._parsePacket (C:\Users\giuse\Desktop\aquarium\aquarium-test\node_modules\mysql\lib\protocol\Protocol.js:291:23)
    at Parser._parsePacket (C:\Users\giuse\Desktop\aquarium\aquarium-test\node_modules\mysql\lib\protocol\Parser.js:433:10)
    at Parser.write (C:\Users\giuse\Desktop\aquarium\aquarium-test\node_modules\mysql\lib\protocol\Parser.js:43:10)
    at Protocol.write (C:\Users\giuse\Desktop\aquarium\aquarium-test\node_modules\mysql\lib\protocol\Protocol.js:38:16)
    at Socket.<anonymous> (C:\Users\giuse\Desktop\aquarium\aquarium-test\node_modules\mysql\lib\Connection.js:91:28)
05/01/2020 14:50:54.192 - ReferenceError: req is not defined
    at Handshake.<anonymous> (C:\Users\giuse\Desktop\aquarium\aquarium-test\src\models\db_pesci.js:40:61)
    at Handshake.<anonymous> (C:\Users\giuse\Desktop\aquarium\aquarium-test\node_modules\mysql\lib\Connection.js:525:10)
    at Handshake._callback (C:\Users\giuse\Desktop\aquarium\aquarium-test\node_modules\mysql\lib\Connection.js:491:16)
    at Handshake.Sequence.end (C:\Users\giuse\Desktop\aquarium\aquarium-test\node_modules\mysql\lib\protocol\sequences\Sequence.js:83:24)
    at Handshake.Sequence.OkPacket (C:\Users\giuse\Desktop\aquarium\aquarium-test\node_modules\mysql\lib\protocol\sequences\Sequence.js:92:8)
    at Protocol._parsePacket (C:\Users\giuse\Desktop\aquarium\aquarium-test\node_modules\mysql\lib\protocol\Protocol.js:291:23)
    at Parser._parsePacket (C:\Users\giuse\Desktop\aquarium\aquarium-test\node_modules\mysql\lib\protocol\Parser.js:433:10)
    at Parser.write (C:\Users\giuse\Desktop\aquarium\aquarium-test\node_modules\mysql\lib\protocol\Parser.js:43:10)
    at Protocol.write (C:\Users\giuse\Desktop\aquarium\aquarium-test\node_modules\mysql\lib\protocol\Protocol.js:38:16)
    at Socket.<anonymous> (C:\Users\giuse\Desktop\aquarium\aquarium-test\node_modules\mysql\lib\Connection.js:91:28)
05/01/2020 14:51:02.425 - ReferenceError: req is not defined
    at Handshake.<anonymous> (C:\Users\giuse\Desktop\aquarium\aquarium-test\src\models\db_piante.js:39:62)
    at Handshake.<anonymous> (C:\Users\giuse\Desktop\aquarium\aquarium-test\node_modules\mysql\lib\Connection.js:525:10)
    at Handshake._callback (C:\Users\giuse\Desktop\aquarium\aquarium-test\node_modules\mysql\lib\Connection.js:491:16)
    at Handshake.Sequence.end (C:\Users\giuse\Desktop\aquarium\aquarium-test\node_modules\mysql\lib\protocol\sequences\Sequence.js:83:24)
    at Handshake.Sequence.OkPacket (C:\Users\giuse\Desktop\aquarium\aquarium-test\node_modules\mysql\lib\protocol\sequences\Sequence.js:92:8)
    at Protocol._parsePacket (C:\Users\giuse\Desktop\aquarium\aquarium-test\node_modules\mysql\lib\protocol\Protocol.js:291:23)
    at Parser._parsePacket (C:\Users\giuse\Desktop\aquarium\aquarium-test\node_modules\mysql\lib\protocol\Parser.js:433:10)
    at Parser.write (C:\Users\giuse\Desktop\aquarium\aquarium-test\node_modules\mysql\lib\protocol\Parser.js:43:10)
    at Protocol.write (C:\Users\giuse\Desktop\aquarium\aquarium-test\node_modules\mysql\lib\protocol\Protocol.js:38:16)
    at Socket.<anonymous> (C:\Users\giuse\Desktop\aquarium\aquarium-test\node_modules\mysql\lib\Connection.js:91:28)
05/01/2020 14:52:46.298 - Error: listen EADDRINUSE: address already in use :::5000
    at Server.setupListenHandle [as _listen2] (net.js:1300:14)
    at listenInCluster (net.js:1348:12)
    at Server.listen (net.js:1436:7)
    at Function.listen (C:\Users\giuse\Desktop\aquarium\aquarium-test\node_modules\express\lib\application.js:618:24)
    at Object.<anonymous> (C:\Users\giuse\Desktop\aquarium\aquarium-test\app.js:57:5)
    at Module._compile (internal/modules/cjs/loader.js:956:30)
    at Object.Module._extensions..js (internal/modules/cjs/loader.js:973:10)
    at Module.load (internal/modules/cjs/loader.js:812:32)
    at Function.Module._load (internal/modules/cjs/loader.js:724:14)
    at Function.Module.runMain (internal/modules/cjs/loader.js:1025:10)
05/01/2020 14:53:02.566 - ReferenceError: req is not defined
    at Handshake.<anonymous> (C:\Users\giuse\Desktop\aquarium\aquarium-test\src\models\db_pesci.js:40:61)
    at Handshake.<anonymous> (C:\Users\giuse\Desktop\aquarium\aquarium-test\node_modules\mysql\lib\Connection.js:525:10)
    at Handshake._callback (C:\Users\giuse\Desktop\aquarium\aquarium-test\node_modules\mysql\lib\Connection.js:491:16)
    at Handshake.Sequence.end (C:\Users\giuse\Desktop\aquarium\aquarium-test\node_modules\mysql\lib\protocol\sequences\Sequence.js:83:24)
    at Handshake.Sequence.OkPacket (C:\Users\giuse\Desktop\aquarium\aquarium-test\node_modules\mysql\lib\protocol\sequences\Sequence.js:92:8)
    at Protocol._parsePacket (C:\Users\giuse\Desktop\aquarium\aquarium-test\node_modules\mysql\lib\protocol\Protocol.js:291:23)
    at Parser._parsePacket (C:\Users\giuse\Desktop\aquarium\aquarium-test\node_modules\mysql\lib\protocol\Parser.js:433:10)
    at Parser.write (C:\Users\giuse\Desktop\aquarium\aquarium-test\node_modules\mysql\lib\protocol\Parser.js:43:10)
    at Protocol.write (C:\Users\giuse\Desktop\aquarium\aquarium-test\node_modules\mysql\lib\protocol\Protocol.js:38:16)
    at Socket.<anonymous> (C:\Users\giuse\Desktop\aquarium\aquarium-test\node_modules\mysql\lib\Connection.js:91:28)
05/01/2020 14:56:14.308 - Error: listen EADDRINUSE: address already in use :::5000
    at Server.setupListenHandle [as _listen2] (net.js:1300:14)
    at listenInCluster (net.js:1348:12)
    at Server.listen (net.js:1436:7)
    at Function.listen (C:\Users\giuse\Desktop\aquarium\aquarium-test\node_modules\express\lib\application.js:618:24)
    at Object.<anonymous> (C:\Users\giuse\Desktop\aquarium\aquarium-test\app.js:57:5)
    at Module._compile (internal/modules/cjs/loader.js:956:30)
    at Object.Module._extensions..js (internal/modules/cjs/loader.js:973:10)
    at Module.load (internal/modules/cjs/loader.js:812:32)
    at Function.Module._load (internal/modules/cjs/loader.js:724:14)
    at Function.Module.runMain (internal/modules/cjs/loader.js:1025:10)
05/01/2020 14:56:35.665 - ReferenceError: req is not defined
    at Handshake.<anonymous> (C:\Users\giuse\Desktop\aquarium\aquarium-test\src\models\db_pesci.js:40:61)
    at Handshake.<anonymous> (C:\Users\giuse\Desktop\aquarium\aquarium-test\node_modules\mysql\lib\Connection.js:525:10)
    at Handshake._callback (C:\Users\giuse\Desktop\aquarium\aquarium-test\node_modules\mysql\lib\Connection.js:491:16)
    at Handshake.Sequence.end (C:\Users\giuse\Desktop\aquarium\aquarium-test\node_modules\mysql\lib\protocol\sequences\Sequence.js:83:24)
    at Handshake.Sequence.OkPacket (C:\Users\giuse\Desktop\aquarium\aquarium-test\node_modules\mysql\lib\protocol\sequences\Sequence.js:92:8)
    at Protocol._parsePacket (C:\Users\giuse\Desktop\aquarium\aquarium-test\node_modules\mysql\lib\protocol\Protocol.js:291:23)
    at Parser._parsePacket (C:\Users\giuse\Desktop\aquarium\aquarium-test\node_modules\mysql\lib\protocol\Parser.js:433:10)
    at Parser.write (C:\Users\giuse\Desktop\aquarium\aquarium-test\node_modules\mysql\lib\protocol\Parser.js:43:10)
    at Protocol.write (C:\Users\giuse\Desktop\aquarium\aquarium-test\node_modules\mysql\lib\protocol\Protocol.js:38:16)
    at Socket.<anonymous> (C:\Users\giuse\Desktop\aquarium\aquarium-test\node_modules\mysql\lib\Connection.js:91:28)
05/01/2020 14:56:45.984 - Error: listen EADDRINUSE: address already in use :::5000
    at Server.setupListenHandle [as _listen2] (net.js:1300:14)
    at listenInCluster (net.js:1348:12)
    at Server.listen (net.js:1436:7)
    at Function.listen (C:\Users\giuse\Desktop\aquarium\aquarium-test\node_modules\express\lib\application.js:618:24)
    at Object.<anonymous> (C:\Users\giuse\Desktop\aquarium\aquarium-test\app.js:57:5)
    at Module._compile (internal/modules/cjs/loader.js:956:30)
    at Object.Module._extensions..js (internal/modules/cjs/loader.js:973:10)
    at Module.load (internal/modules/cjs/loader.js:812:32)
    at Function.Module._load (internal/modules/cjs/loader.js:724:14)
    at Function.Module.runMain (internal/modules/cjs/loader.js:1025:10)
05/01/2020 14:56:53.667 - ReferenceError: req is not defined
    at Handshake.<anonymous> (C:\Users\giuse\Desktop\aquarium\aquarium-test\src\models\db_pesci.js:40:61)
    at Handshake.<anonymous> (C:\Users\giuse\Desktop\aquarium\aquarium-test\node_modules\mysql\lib\Connection.js:525:10)
    at Handshake._callback (C:\Users\giuse\Desktop\aquarium\aquarium-test\node_modules\mysql\lib\Connection.js:491:16)
    at Handshake.Sequence.end (C:\Users\giuse\Desktop\aquarium\aquarium-test\node_modules\mysql\lib\protocol\sequences\Sequence.js:83:24)
    at Handshake.Sequence.OkPacket (C:\Users\giuse\Desktop\aquarium\aquarium-test\node_modules\mysql\lib\protocol\sequences\Sequence.js:92:8)
    at Protocol._parsePacket (C:\Users\giuse\Desktop\aquarium\aquarium-test\node_modules\mysql\lib\protocol\Protocol.js:291:23)
    at Parser._parsePacket (C:\Users\giuse\Desktop\aquarium\aquarium-test\node_modules\mysql\lib\protocol\Parser.js:433:10)
    at Parser.write (C:\Users\giuse\Desktop\aquarium\aquarium-test\node_modules\mysql\lib\protocol\Parser.js:43:10)
    at Protocol.write (C:\Users\giuse\Desktop\aquarium\aquarium-test\node_modules\mysql\lib\protocol\Protocol.js:38:16)
    at Socket.<anonymous> (C:\Users\giuse\Desktop\aquarium\aquarium-test\node_modules\mysql\lib\Connection.js:91:28)
05/01/2020 14:56:58.283 - ReferenceError: req is not defined
    at Handshake.<anonymous> (C:\Users\giuse\Desktop\aquarium\aquarium-test\src\models\db_pesci.js:40:61)
    at Handshake.<anonymous> (C:\Users\giuse\Desktop\aquarium\aquarium-test\node_modules\mysql\lib\Connection.js:525:10)
    at Handshake._callback (C:\Users\giuse\Desktop\aquarium\aquarium-test\node_modules\mysql\lib\Connection.js:491:16)
    at Handshake.Sequence.end (C:\Users\giuse\Desktop\aquarium\aquarium-test\node_modules\mysql\lib\protocol\sequences\Sequence.js:83:24)
    at Handshake.Sequence.OkPacket (C:\Users\giuse\Desktop\aquarium\aquarium-test\node_modules\mysql\lib\protocol\sequences\Sequence.js:92:8)
    at Protocol._parsePacket (C:\Users\giuse\Desktop\aquarium\aquarium-test\node_modules\mysql\lib\protocol\Protocol.js:291:23)
    at Parser._parsePacket (C:\Users\giuse\Desktop\aquarium\aquarium-test\node_modules\mysql\lib\protocol\Parser.js:433:10)
    at Parser.write (C:\Users\giuse\Desktop\aquarium\aquarium-test\node_modules\mysql\lib\protocol\Parser.js:43:10)
    at Protocol.write (C:\Users\giuse\Desktop\aquarium\aquarium-test\node_modules\mysql\lib\protocol\Protocol.js:38:16)
    at Socket.<anonymous> (C:\Users\giuse\Desktop\aquarium\aquarium-test\node_modules\mysql\lib\Connection.js:91:28)
05/01/2020 14:57:36.162 - ReferenceError: req is not defined
    at Handshake.<anonymous> (C:\Users\giuse\Desktop\aquarium\aquarium-test\src\models\db_pesci.js:40:61)
    at Handshake.<anonymous> (C:\Users\giuse\Desktop\aquarium\aquarium-test\node_modules\mysql\lib\Connection.js:525:10)
    at Handshake._callback (C:\Users\giuse\Desktop\aquarium\aquarium-test\node_modules\mysql\lib\Connection.js:491:16)
    at Handshake.Sequence.end (C:\Users\giuse\Desktop\aquarium\aquarium-test\node_modules\mysql\lib\protocol\sequences\Sequence.js:83:24)
    at Handshake.Sequence.OkPacket (C:\Users\giuse\Desktop\aquarium\aquarium-test\node_modules\mysql\lib\protocol\sequences\Sequence.js:92:8)
    at Protocol._parsePacket (C:\Users\giuse\Desktop\aquarium\aquarium-test\node_modules\mysql\lib\protocol\Protocol.js:291:23)
    at Parser._parsePacket (C:\Users\giuse\Desktop\aquarium\aquarium-test\node_modules\mysql\lib\protocol\Parser.js:433:10)
    at Parser.write (C:\Users\giuse\Desktop\aquarium\aquarium-test\node_modules\mysql\lib\protocol\Parser.js:43:10)
    at Protocol.write (C:\Users\giuse\Desktop\aquarium\aquarium-test\node_modules\mysql\lib\protocol\Protocol.js:38:16)
    at Socket.<anonymous> (C:\Users\giuse\Desktop\aquarium\aquarium-test\node_modules\mysql\lib\Connection.js:91:28)
05/01/2020 14:57:36.164 - ReferenceError: req is not defined
    at Handshake.<anonymous> (C:\Users\giuse\Desktop\aquarium\aquarium-test\src\models\db_pesci.js:40:61)
    at Handshake.<anonymous> (C:\Users\giuse\Desktop\aquarium\aquarium-test\node_modules\mysql\lib\Connection.js:525:10)
    at Handshake._callback (C:\Users\giuse\Desktop\aquarium\aquarium-test\node_modules\mysql\lib\Connection.js:491:16)
    at Handshake.Sequence.end (C:\Users\giuse\Desktop\aquarium\aquarium-test\node_modules\mysql\lib\protocol\sequences\Sequence.js:83:24)
    at Handshake.Sequence.OkPacket (C:\Users\giuse\Desktop\aquarium\aquarium-test\node_modules\mysql\lib\protocol\sequences\Sequence.js:92:8)
    at Protocol._parsePacket (C:\Users\giuse\Desktop\aquarium\aquarium-test\node_modules\mysql\lib\protocol\Protocol.js:291:23)
    at Parser._parsePacket (C:\Users\giuse\Desktop\aquarium\aquarium-test\node_modules\mysql\lib\protocol\Parser.js:433:10)
    at Parser.write (C:\Users\giuse\Desktop\aquarium\aquarium-test\node_modules\mysql\lib\protocol\Parser.js:43:10)
    at Protocol.write (C:\Users\giuse\Desktop\aquarium\aquarium-test\node_modules\mysql\lib\protocol\Protocol.js:38:16)
    at Socket.<anonymous> (C:\Users\giuse\Desktop\aquarium\aquarium-test\node_modules\mysql\lib\Connection.js:91:28)
05/01/2020 14:57:48.137 - ReferenceError: req is not defined
    at Handshake.<anonymous> (C:\Users\giuse\Desktop\aquarium\aquarium-test\src\models\db_piante.js:39:62)
    at Handshake.<anonymous> (C:\Users\giuse\Desktop\aquarium\aquarium-test\node_modules\mysql\lib\Connection.js:525:10)
    at Handshake._callback (C:\Users\giuse\Desktop\aquarium\aquarium-test\node_modules\mysql\lib\Connection.js:491:16)
    at Handshake.Sequence.end (C:\Users\giuse\Desktop\aquarium\aquarium-test\node_modules\mysql\lib\protocol\sequences\Sequence.js:83:24)
    at Handshake.Sequence.OkPacket (C:\Users\giuse\Desktop\aquarium\aquarium-test\node_modules\mysql\lib\protocol\sequences\Sequence.js:92:8)
    at Protocol._parsePacket (C:\Users\giuse\Desktop\aquarium\aquarium-test\node_modules\mysql\lib\protocol\Protocol.js:291:23)
    at Parser._parsePacket (C:\Users\giuse\Desktop\aquarium\aquarium-test\node_modules\mysql\lib\protocol\Parser.js:433:10)
    at Parser.write (C:\Users\giuse\Desktop\aquarium\aquarium-test\node_modules\mysql\lib\protocol\Parser.js:43:10)
    at Protocol.write (C:\Users\giuse\Desktop\aquarium\aquarium-test\node_modules\mysql\lib\protocol\Protocol.js:38:16)
    at Socket.<anonymous> (C:\Users\giuse\Desktop\aquarium\aquarium-test\node_modules\mysql\lib\Connection.js:91:28)
05/01/2020 14:59:48.139 - ReferenceError: req is not defined
    at Handshake.<anonymous> (C:\Users\giuse\Desktop\aquarium\aquarium-test\src\models\db_piante.js:39:62)
    at Handshake.<anonymous> (C:\Users\giuse\Desktop\aquarium\aquarium-test\node_modules\mysql\lib\Connection.js:525:10)
    at Handshake._callback (C:\Users\giuse\Desktop\aquarium\aquarium-test\node_modules\mysql\lib\Connection.js:491:16)
    at Handshake.Sequence.end (C:\Users\giuse\Desktop\aquarium\aquarium-test\node_modules\mysql\lib\protocol\sequences\Sequence.js:83:24)
    at Handshake.Sequence.OkPacket (C:\Users\giuse\Desktop\aquarium\aquarium-test\node_modules\mysql\lib\protocol\sequences\Sequence.js:92:8)
    at Protocol._parsePacket (C:\Users\giuse\Desktop\aquarium\aquarium-test\node_modules\mysql\lib\protocol\Protocol.js:291:23)
    at Parser._parsePacket (C:\Users\giuse\Desktop\aquarium\aquarium-test\node_modules\mysql\lib\protocol\Parser.js:433:10)
    at Parser.write (C:\Users\giuse\Desktop\aquarium\aquarium-test\node_modules\mysql\lib\protocol\Parser.js:43:10)
    at Protocol.write (C:\Users\giuse\Desktop\aquarium\aquarium-test\node_modules\mysql\lib\protocol\Protocol.js:38:16)
    at Socket.<anonymous> (C:\Users\giuse\Desktop\aquarium\aquarium-test\node_modules\mysql\lib\Connection.js:91:28)
05/01/2020 15:01:48.141 - ReferenceError: req is not defined
    at Handshake.<anonymous> (C:\Users\giuse\Desktop\aquarium\aquarium-test\src\models\db_piante.js:39:62)
    at Handshake.<anonymous> (C:\Users\giuse\Desktop\aquarium\aquarium-test\node_modules\mysql\lib\Connection.js:525:10)
    at Handshake._callback (C:\Users\giuse\Desktop\aquarium\aquarium-test\node_modules\mysql\lib\Connection.js:491:16)
    at Handshake.Sequence.end (C:\Users\giuse\Desktop\aquarium\aquarium-test\node_modules\mysql\lib\protocol\sequences\Sequence.js:83:24)
    at Handshake.Sequence.OkPacket (C:\Users\giuse\Desktop\aquarium\aquarium-test\node_modules\mysql\lib\protocol\sequences\Sequence.js:92:8)
    at Protocol._parsePacket (C:\Users\giuse\Desktop\aquarium\aquarium-test\node_modules\mysql\lib\protocol\Protocol.js:291:23)
    at Parser._parsePacket (C:\Users\giuse\Desktop\aquarium\aquarium-test\node_modules\mysql\lib\protocol\Parser.js:433:10)
    at Parser.write (C:\Users\giuse\Desktop\aquarium\aquarium-test\node_modules\mysql\lib\protocol\Parser.js:43:10)
    at Protocol.write (C:\Users\giuse\Desktop\aquarium\aquarium-test\node_modules\mysql\lib\protocol\Protocol.js:38:16)
    at Socket.<anonymous> (C:\Users\giuse\Desktop\aquarium\aquarium-test\node_modules\mysql\lib\Connection.js:91:28)
05/01/2020 15:17:12.095 - ReferenceError: req is not defined
    at Handshake.<anonymous> (C:\Users\giuse\Desktop\aquarium\aquarium-test\src\models\db_pesci.js:40:61)
    at Handshake.<anonymous> (C:\Users\giuse\Desktop\aquarium\aquarium-test\node_modules\mysql\lib\Connection.js:525:10)
    at Handshake._callback (C:\Users\giuse\Desktop\aquarium\aquarium-test\node_modules\mysql\lib\Connection.js:491:16)
    at Handshake.Sequence.end (C:\Users\giuse\Desktop\aquarium\aquarium-test\node_modules\mysql\lib\protocol\sequences\Sequence.js:83:24)
    at Handshake.Sequence.OkPacket (C:\Users\giuse\Desktop\aquarium\aquarium-test\node_modules\mysql\lib\protocol\sequences\Sequence.js:92:8)
    at Protocol._parsePacket (C:\Users\giuse\Desktop\aquarium\aquarium-test\node_modules\mysql\lib\protocol\Protocol.js:291:23)
    at Parser._parsePacket (C:\Users\giuse\Desktop\aquarium\aquarium-test\node_modules\mysql\lib\protocol\Parser.js:433:10)
    at Parser.write (C:\Users\giuse\Desktop\aquarium\aquarium-test\node_modules\mysql\lib\protocol\Parser.js:43:10)
    at Protocol.write (C:\Users\giuse\Desktop\aquarium\aquarium-test\node_modules\mysql\lib\protocol\Protocol.js:38:16)
    at Socket.<anonymous> (C:\Users\giuse\Desktop\aquarium\aquarium-test\node_modules\mysql\lib\Connection.js:91:28)
05/01/2020 15:19:13.871 - ReferenceError: req is not defined
    at Handshake.<anonymous> (C:\Users\giuse\Desktop\aquarium\aquarium-test\src\models\db_pesci.js:40:61)
    at Handshake.<anonymous> (C:\Users\giuse\Desktop\aquarium\aquarium-test\node_modules\mysql\lib\Connection.js:525:10)
    at Handshake._callback (C:\Users\giuse\Desktop\aquarium\aquarium-test\node_modules\mysql\lib\Connection.js:491:16)
    at Handshake.Sequence.end (C:\Users\giuse\Desktop\aquarium\aquarium-test\node_modules\mysql\lib\protocol\sequences\Sequence.js:83:24)
    at Handshake.Sequence.OkPacket (C:\Users\giuse\Desktop\aquarium\aquarium-test\node_modules\mysql\lib\protocol\sequences\Sequence.js:92:8)
    at Protocol._parsePacket (C:\Users\giuse\Desktop\aquarium\aquarium-test\node_modules\mysql\lib\protocol\Protocol.js:291:23)
    at Parser._parsePacket (C:\Users\giuse\Desktop\aquarium\aquarium-test\node_modules\mysql\lib\protocol\Parser.js:433:10)
    at Parser.write (C:\Users\giuse\Desktop\aquarium\aquarium-test\node_modules\mysql\lib\protocol\Parser.js:43:10)
    at Protocol.write (C:\Users\giuse\Desktop\aquarium\aquarium-test\node_modules\mysql\lib\protocol\Protocol.js:38:16)
    at Socket.<anonymous> (C:\Users\giuse\Desktop\aquarium\aquarium-test\node_modules\mysql\lib\Connection.js:91:28)
05/01/2020 15:19:26.619 - ReferenceError: req is not defined
    at Handshake.<anonymous> (C:\Users\giuse\Desktop\aquarium\aquarium-test\src\models\db_pesci.js:40:61)
    at Handshake.<anonymous> (C:\Users\giuse\Desktop\aquarium\aquarium-test\node_modules\mysql\lib\Connection.js:525:10)
    at Handshake._callback (C:\Users\giuse\Desktop\aquarium\aquarium-test\node_modules\mysql\lib\Connection.js:491:16)
    at Handshake.Sequence.end (C:\Users\giuse\Desktop\aquarium\aquarium-test\node_modules\mysql\lib\protocol\sequences\Sequence.js:83:24)
    at Handshake.Sequence.OkPacket (C:\Users\giuse\Desktop\aquarium\aquarium-test\node_modules\mysql\lib\protocol\sequences\Sequence.js:92:8)
    at Protocol._parsePacket (C:\Users\giuse\Desktop\aquarium\aquarium-test\node_modules\mysql\lib\protocol\Protocol.js:291:23)
    at Parser._parsePacket (C:\Users\giuse\Desktop\aquarium\aquarium-test\node_modules\mysql\lib\protocol\Parser.js:433:10)
    at Parser.write (C:\Users\giuse\Desktop\aquarium\aquarium-test\node_modules\mysql\lib\protocol\Parser.js:43:10)
    at Protocol.write (C:\Users\giuse\Desktop\aquarium\aquarium-test\node_modules\mysql\lib\protocol\Protocol.js:38:16)
    at Socket.<anonymous> (C:\Users\giuse\Desktop\aquarium\aquarium-test\node_modules\mysql\lib\Connection.js:91:28)
05/01/2020 15:21:05.802 - ReferenceError: req is not defined
    at Handshake.<anonymous> (C:\Users\giuse\Desktop\aquarium\aquarium-test\src\models\db_pesci.js:40:61)
    at Handshake.<anonymous> (C:\Users\giuse\Desktop\aquarium\aquarium-test\node_modules\mysql\lib\Connection.js:525:10)
    at Handshake._callback (C:\Users\giuse\Desktop\aquarium\aquarium-test\node_modules\mysql\lib\Connection.js:491:16)
    at Handshake.Sequence.end (C:\Users\giuse\Desktop\aquarium\aquarium-test\node_modules\mysql\lib\protocol\sequences\Sequence.js:83:24)
    at Handshake.Sequence.OkPacket (C:\Users\giuse\Desktop\aquarium\aquarium-test\node_modules\mysql\lib\protocol\sequences\Sequence.js:92:8)
    at Protocol._parsePacket (C:\Users\giuse\Desktop\aquarium\aquarium-test\node_modules\mysql\lib\protocol\Protocol.js:291:23)
    at Parser._parsePacket (C:\Users\giuse\Desktop\aquarium\aquarium-test\node_modules\mysql\lib\protocol\Parser.js:433:10)
    at Parser.write (C:\Users\giuse\Desktop\aquarium\aquarium-test\node_modules\mysql\lib\protocol\Parser.js:43:10)
    at Protocol.write (C:\Users\giuse\Desktop\aquarium\aquarium-test\node_modules\mysql\lib\protocol\Protocol.js:38:16)
    at Socket.<anonymous> (C:\Users\giuse\Desktop\aquarium\aquarium-test\node_modules\mysql\lib\Connection.js:91:28)
05/01/2020 15:21:35.079 - ReferenceError: req is not defined
    at Handshake.<anonymous> (C:\Users\giuse\Desktop\aquarium\aquarium-test\src\models\db_pesci.js:40:61)
    at Handshake.<anonymous> (C:\Users\giuse\Desktop\aquarium\aquarium-test\node_modules\mysql\lib\Connection.js:525:10)
    at Handshake._callback (C:\Users\giuse\Desktop\aquarium\aquarium-test\node_modules\mysql\lib\Connection.js:491:16)
    at Handshake.Sequence.end (C:\Users\giuse\Desktop\aquarium\aquarium-test\node_modules\mysql\lib\protocol\sequences\Sequence.js:83:24)
    at Handshake.Sequence.OkPacket (C:\Users\giuse\Desktop\aquarium\aquarium-test\node_modules\mysql\lib\protocol\sequences\Sequence.js:92:8)
    at Protocol._parsePacket (C:\Users\giuse\Desktop\aquarium\aquarium-test\node_modules\mysql\lib\protocol\Protocol.js:291:23)
    at Parser._parsePacket (C:\Users\giuse\Desktop\aquarium\aquarium-test\node_modules\mysql\lib\protocol\Parser.js:433:10)
    at Parser.write (C:\Users\giuse\Desktop\aquarium\aquarium-test\node_modules\mysql\lib\protocol\Parser.js:43:10)
    at Protocol.write (C:\Users\giuse\Desktop\aquarium\aquarium-test\node_modules\mysql\lib\protocol\Protocol.js:38:16)
    at Socket.<anonymous> (C:\Users\giuse\Desktop\aquarium\aquarium-test\node_modules\mysql\lib\Connection.js:91:28)
05/01/2020 15:21:38.914 - ReferenceError: req is not defined
    at Handshake.<anonymous> (C:\Users\giuse\Desktop\aquarium\aquarium-test\src\models\db_pesci.js:40:61)
    at Handshake.<anonymous> (C:\Users\giuse\Desktop\aquarium\aquarium-test\node_modules\mysql\lib\Connection.js:525:10)
    at Handshake._callback (C:\Users\giuse\Desktop\aquarium\aquarium-test\node_modules\mysql\lib\Connection.js:491:16)
    at Handshake.Sequence.end (C:\Users\giuse\Desktop\aquarium\aquarium-test\node_modules\mysql\lib\protocol\sequences\Sequence.js:83:24)
    at Handshake.Sequence.OkPacket (C:\Users\giuse\Desktop\aquarium\aquarium-test\node_modules\mysql\lib\protocol\sequences\Sequence.js:92:8)
    at Protocol._parsePacket (C:\Users\giuse\Desktop\aquarium\aquarium-test\node_modules\mysql\lib\protocol\Protocol.js:291:23)
    at Parser._parsePacket (C:\Users\giuse\Desktop\aquarium\aquarium-test\node_modules\mysql\lib\protocol\Parser.js:433:10)
    at Parser.write (C:\Users\giuse\Desktop\aquarium\aquarium-test\node_modules\mysql\lib\protocol\Parser.js:43:10)
    at Protocol.write (C:\Users\giuse\Desktop\aquarium\aquarium-test\node_modules\mysql\lib\protocol\Protocol.js:38:16)
    at Socket.<anonymous> (C:\Users\giuse\Desktop\aquarium\aquarium-test\node_modules\mysql\lib\Connection.js:91:28)
05/01/2020 15:21:50.631 - ReferenceError: req is not defined
    at Handshake.<anonymous> (C:\Users\giuse\Desktop\aquarium\aquarium-test\src\models\db_pesci.js:40:61)
    at Handshake.<anonymous> (C:\Users\giuse\Desktop\aquarium\aquarium-test\node_modules\mysql\lib\Connection.js:525:10)
    at Handshake._callback (C:\Users\giuse\Desktop\aquarium\aquarium-test\node_modules\mysql\lib\Connection.js:491:16)
    at Handshake.Sequence.end (C:\Users\giuse\Desktop\aquarium\aquarium-test\node_modules\mysql\lib\protocol\sequences\Sequence.js:83:24)
    at Handshake.Sequence.OkPacket (C:\Users\giuse\Desktop\aquarium\aquarium-test\node_modules\mysql\lib\protocol\sequences\Sequence.js:92:8)
    at Protocol._parsePacket (C:\Users\giuse\Desktop\aquarium\aquarium-test\node_modules\mysql\lib\protocol\Protocol.js:291:23)
    at Parser._parsePacket (C:\Users\giuse\Desktop\aquarium\aquarium-test\node_modules\mysql\lib\protocol\Parser.js:433:10)
    at Parser.write (C:\Users\giuse\Desktop\aquarium\aquarium-test\node_modules\mysql\lib\protocol\Parser.js:43:10)
    at Protocol.write (C:\Users\giuse\Desktop\aquarium\aquarium-test\node_modules\mysql\lib\protocol\Protocol.js:38:16)
    at Socket.<anonymous> (C:\Users\giuse\Desktop\aquarium\aquarium-test\node_modules\mysql\lib\Connection.js:91:28)
05/01/2020 15:22:57.212 - ReferenceError: req is not defined
    at Handshake.<anonymous> (C:\Users\giuse\Desktop\aquarium\aquarium-test\src\models\db_pesci.js:40:61)
    at Handshake.<anonymous> (C:\Users\giuse\Desktop\aquarium\aquarium-test\node_modules\mysql\lib\Connection.js:525:10)
    at Handshake._callback (C:\Users\giuse\Desktop\aquarium\aquarium-test\node_modules\mysql\lib\Connection.js:491:16)
    at Handshake.Sequence.end (C:\Users\giuse\Desktop\aquarium\aquarium-test\node_modules\mysql\lib\protocol\sequences\Sequence.js:83:24)
    at Handshake.Sequence.OkPacket (C:\Users\giuse\Desktop\aquarium\aquarium-test\node_modules\mysql\lib\protocol\sequences\Sequence.js:92:8)
    at Protocol._parsePacket (C:\Users\giuse\Desktop\aquarium\aquarium-test\node_modules\mysql\lib\protocol\Protocol.js:291:23)
    at Parser._parsePacket (C:\Users\giuse\Desktop\aquarium\aquarium-test\node_modules\mysql\lib\protocol\Parser.js:433:10)
    at Parser.write (C:\Users\giuse\Desktop\aquarium\aquarium-test\node_modules\mysql\lib\protocol\Parser.js:43:10)
    at Protocol.write (C:\Users\giuse\Desktop\aquarium\aquarium-test\node_modules\mysql\lib\protocol\Protocol.js:38:16)
    at Socket.<anonymous> (C:\Users\giuse\Desktop\aquarium\aquarium-test\node_modules\mysql\lib\Connection.js:91:28)
05/01/2020 17:14:10.832 - ReferenceError: req is not defined
    at Handshake.<anonymous> (C:\Users\giuse\Desktop\aquarium\aquarium-test\src\models\db_piante.js:39:62)
    at Handshake.<anonymous> (C:\Users\giuse\Desktop\aquarium\aquarium-test\node_modules\mysql\lib\Connection.js:525:10)
    at Handshake._callback (C:\Users\giuse\Desktop\aquarium\aquarium-test\node_modules\mysql\lib\Connection.js:491:16)
    at Handshake.Sequence.end (C:\Users\giuse\Desktop\aquarium\aquarium-test\node_modules\mysql\lib\protocol\sequences\Sequence.js:83:24)
    at Handshake.Sequence.OkPacket (C:\Users\giuse\Desktop\aquarium\aquarium-test\node_modules\mysql\lib\protocol\sequences\Sequence.js:92:8)
    at Protocol._parsePacket (C:\Users\giuse\Desktop\aquarium\aquarium-test\node_modules\mysql\lib\protocol\Protocol.js:291:23)
    at Parser._parsePacket (C:\Users\giuse\Desktop\aquarium\aquarium-test\node_modules\mysql\lib\protocol\Parser.js:433:10)
    at Parser.write (C:\Users\giuse\Desktop\aquarium\aquarium-test\node_modules\mysql\lib\protocol\Parser.js:43:10)
    at Protocol.write (C:\Users\giuse\Desktop\aquarium\aquarium-test\node_modules\mysql\lib\protocol\Protocol.js:38:16)
    at Socket.<anonymous> (C:\Users\giuse\Desktop\aquarium\aquarium-test\node_modules\mysql\lib\Connection.js:91:28)
05/01/2020 17:19:40.457 - ReferenceError: req is not defined
    at Handshake.<anonymous> (C:\Users\giuse\Desktop\aquarium\aquarium-test\src\models\db_piante.js:39:62)
    at Handshake.<anonymous> (C:\Users\giuse\Desktop\aquarium\aquarium-test\node_modules\mysql\lib\Connection.js:525:10)
    at Handshake._callback (C:\Users\giuse\Desktop\aquarium\aquarium-test\node_modules\mysql\lib\Connection.js:491:16)
    at Handshake.Sequence.end (C:\Users\giuse\Desktop\aquarium\aquarium-test\node_modules\mysql\lib\protocol\sequences\Sequence.js:83:24)
    at Handshake.Sequence.OkPacket (C:\Users\giuse\Desktop\aquarium\aquarium-test\node_modules\mysql\lib\protocol\sequences\Sequence.js:92:8)
    at Protocol._parsePacket (C:\Users\giuse\Desktop\aquarium\aquarium-test\node_modules\mysql\lib\protocol\Protocol.js:291:23)
    at Parser._parsePacket (C:\Users\giuse\Desktop\aquarium\aquarium-test\node_modules\mysql\lib\protocol\Parser.js:433:10)
    at Parser.write (C:\Users\giuse\Desktop\aquarium\aquarium-test\node_modules\mysql\lib\protocol\Parser.js:43:10)
    at Protocol.write (C:\Users\giuse\Desktop\aquarium\aquarium-test\node_modules\mysql\lib\protocol\Protocol.js:38:16)
    at Socket.<anonymous> (C:\Users\giuse\Desktop\aquarium\aquarium-test\node_modules\mysql\lib\Connection.js:91:28)
05/01/2020 17:20:45.157 - ReferenceError: req is not defined
    at Handshake.<anonymous> (C:\Users\giuse\Desktop\aquarium\aquarium-test\src\models\db_piante.js:39:62)
    at Handshake.<anonymous> (C:\Users\giuse\Desktop\aquarium\aquarium-test\node_modules\mysql\lib\Connection.js:525:10)
    at Handshake._callback (C:\Users\giuse\Desktop\aquarium\aquarium-test\node_modules\mysql\lib\Connection.js:491:16)
    at Handshake.Sequence.end (C:\Users\giuse\Desktop\aquarium\aquarium-test\node_modules\mysql\lib\protocol\sequences\Sequence.js:83:24)
    at Handshake.Sequence.OkPacket (C:\Users\giuse\Desktop\aquarium\aquarium-test\node_modules\mysql\lib\protocol\sequences\Sequence.js:92:8)
    at Protocol._parsePacket (C:\Users\giuse\Desktop\aquarium\aquarium-test\node_modules\mysql\lib\protocol\Protocol.js:291:23)
    at Parser._parsePacket (C:\Users\giuse\Desktop\aquarium\aquarium-test\node_modules\mysql\lib\protocol\Parser.js:433:10)
    at Parser.write (C:\Users\giuse\Desktop\aquarium\aquarium-test\node_modules\mysql\lib\protocol\Parser.js:43:10)
    at Protocol.write (C:\Users\giuse\Desktop\aquarium\aquarium-test\node_modules\mysql\lib\protocol\Protocol.js:38:16)
    at Socket.<anonymous> (C:\Users\giuse\Desktop\aquarium\aquarium-test\node_modules\mysql\lib\Connection.js:91:28)
05/01/2020 17:39:40.793 - ReferenceError: req is not defined
    at Handshake.<anonymous> (C:\Users\giuse\Desktop\aquarium\aquarium-test\src\models\db_piante.js:39:62)
    at Handshake.<anonymous> (C:\Users\giuse\Desktop\aquarium\aquarium-test\node_modules\mysql\lib\Connection.js:525:10)
    at Handshake._callback (C:\Users\giuse\Desktop\aquarium\aquarium-test\node_modules\mysql\lib\Connection.js:491:16)
    at Handshake.Sequence.end (C:\Users\giuse\Desktop\aquarium\aquarium-test\node_modules\mysql\lib\protocol\sequences\Sequence.js:83:24)
    at Handshake.Sequence.OkPacket (C:\Users\giuse\Desktop\aquarium\aquarium-test\node_modules\mysql\lib\protocol\sequences\Sequence.js:92:8)
    at Protocol._parsePacket (C:\Users\giuse\Desktop\aquarium\aquarium-test\node_modules\mysql\lib\protocol\Protocol.js:291:23)
    at Parser._parsePacket (C:\Users\giuse\Desktop\aquarium\aquarium-test\node_modules\mysql\lib\protocol\Parser.js:433:10)
    at Parser.write (C:\Users\giuse\Desktop\aquarium\aquarium-test\node_modules\mysql\lib\protocol\Parser.js:43:10)
    at Protocol.write (C:\Users\giuse\Desktop\aquarium\aquarium-test\node_modules\mysql\lib\protocol\Protocol.js:38:16)
    at Socket.<anonymous> (C:\Users\giuse\Desktop\aquarium\aquarium-test\node_modules\mysql\lib\Connection.js:91:28)
